c:\users\csaivishnu\onedrive - nvidia corporation\main\jade\x64\debug\vc143.pdb
c:\users\csaivishnu\onedrive - nvidia corporation\main\jade\x64\debug\vc143.idb
c:\users\csaivishnu\onedrive - nvidia corporation\main\jade\x64\debug\mailbox.obj
c:\users\csaivishnu\onedrive - nvidia corporation\main\jade\x64\debug\clienthandler.obj
c:\users\csaivishnu\onedrive - nvidia corporation\main\jade\x64\debug\jade.obj
c:\users\csaivishnu\onedrive - nvidia corporation\main\jade\x64\debug\jade.pdb
c:\users\csaivishnu\onedrive - nvidia corporation\main\jade\x64\debug\jade.tlog\cl.command.1.tlog
c:\users\csaivishnu\onedrive - nvidia corporation\main\jade\x64\debug\jade.tlog\cl.items.tlog
c:\users\csaivishnu\onedrive - nvidia corporation\main\jade\x64\debug\jade.tlog\cl.read.1.tlog
c:\users\csaivishnu\onedrive - nvidia corporation\main\jade\x64\debug\jade.tlog\cl.write.1.tlog
c:\users\csaivishnu\onedrive - nvidia corporation\main\jade\x64\debug\jade.tlog\link-cvtres.read.1.tlog
c:\users\csaivishnu\onedrive - nvidia corporation\main\jade\x64\debug\jade.tlog\link-cvtres.write.1.tlog
c:\users\csaivishnu\onedrive - nvidia corporation\main\jade\x64\debug\jade.tlog\link-rc.read.1.tlog
c:\users\csaivishnu\onedrive - nvidia corporation\main\jade\x64\debug\jade.tlog\link-rc.write.1.tlog
c:\users\csaivishnu\onedrive - nvidia corporation\main\jade\x64\debug\jade.tlog\link.30208-cvtres.read.1.tlog
c:\users\csaivishnu\onedrive - nvidia corporation\main\jade\x64\debug\jade.tlog\link.30208-cvtres.write.1.tlog
c:\users\csaivishnu\onedrive - nvidia corporation\main\jade\x64\debug\jade.tlog\link.30208-rc.read.1.tlog
c:\users\csaivishnu\onedrive - nvidia corporation\main\jade\x64\debug\jade.tlog\link.30208-rc.write.1.tlog
c:\users\csaivishnu\onedrive - nvidia corporation\main\jade\x64\debug\jade.tlog\link.30208.read.1.tlog
c:\users\csaivishnu\onedrive - nvidia corporation\main\jade\x64\debug\jade.tlog\link.30208.read.2.tlog
c:\users\csaivishnu\onedrive - nvidia corporation\main\jade\x64\debug\jade.tlog\link.30208.read.3.tlog
c:\users\csaivishnu\onedrive - nvidia corporation\main\jade\x64\debug\jade.tlog\link.30208.read.4.tlog
c:\users\csaivishnu\onedrive - nvidia corporation\main\jade\x64\debug\jade.tlog\link.30208.write.1.tlog
c:\users\csaivishnu\onedrive - nvidia corporation\main\jade\x64\debug\jade.tlog\link.command.1.tlog
c:\users\csaivishnu\onedrive - nvidia corporation\main\jade\x64\debug\jade.tlog\link.read.1.tlog
c:\users\csaivishnu\onedrive - nvidia corporation\main\jade\x64\debug\jade.tlog\link.read.2.tlog
c:\users\csaivishnu\onedrive - nvidia corporation\main\jade\x64\debug\jade.tlog\link.read.3.tlog
c:\users\csaivishnu\onedrive - nvidia corporation\main\jade\x64\debug\jade.tlog\link.read.5.tlog
c:\users\csaivishnu\onedrive - nvidia corporation\main\jade\x64\debug\jade.tlog\link.write.1.tlog
